<?xml version="1.0" encoding="UTF-8"?>
<!-- Generated by org.testng.reporters.JUnitReportReporter -->
<testsuite skipped="0" hostname="Arvind" name="testcases.LoginTest" tests="1" failures="0" timestamp="2020-05-17T18:00:50 IST" time="4.094" errors="0">
  <testcase name="LoginBankApp" time="4.094" classname="testcases.LoginTest"/>
  <system-out/>
</testsuite> <!-- testcases.LoginTest -->
