<?xml version="1.0" encoding="UTF-8"?>
<!-- Generated by org.testng.reporters.JUnitReportReporter -->
<testsuite skipped="1" hostname="Arvind" name="testcases.AddCustomerTest" tests="1" failures="0" timestamp="2020-05-16T16:01:21 IST" time="0.000" errors="0">
  <testcase name="AddCustomerTest" time="0.000" classname="testcases.AddCustomerTest">
    <skipped/>
  </testcase> <!-- AddCustomerTest -->
  <system-out/>
</testsuite> <!-- testcases.AddCustomerTest -->
