<?xml version="1.0" encoding="UTF-8"?>
<!-- Generated by org.testng.reporters.JUnitReportReporter -->
<testsuite skipped="0" hostname="Arvind" name="testcases.LoginTest" tests="1" failures="0" timestamp="2020-05-20T23:25:48 IST" time="4.083" errors="0">
  <testcase name="LoginBankApp" time="4.083" classname="testcases.LoginTest"/>
  <system-out>
Login executed Sucessfully  </system-out>
</testsuite> <!-- testcases.LoginTest -->
