<?xml version="1.0" encoding="UTF-8"?>
<!-- Generated by org.testng.reporters.JUnitReportReporter -->
<testsuite skipped="0" hostname="Arvind" name="testcases.AddCustomerTest" tests="1" failures="0" timestamp="2020-05-17T18:00:50 IST" time="10.457" errors="0">
  <testcase name="AddCustomerTest" time="10.457" classname="testcases.AddCustomerTest"/>
  <system-out/>
</testsuite> <!-- testcases.AddCustomerTest -->
